<?xml version="1.0" encoding="UTF-8"?>
<!-- Generated by org.testng.reporters.JUnitReportReporter -->
<testsuite hostname="LAPTOP-PU8VKKP8" failures="0" tests="2" name="qaclickacademy.MavenJavaLearn.AppiumTest" time="0.002" errors="0" timestamp="2022-08-15T13:57:56 IST" skipped="0">
  <testcase classname="qaclickacademy.MavenJavaLearn.AppiumTest" name="AppiumElementsList" time="0.001"/>
  <system-out/>
  <testcase classname="qaclickacademy.MavenJavaLearn.AppiumTest" name="AppiumAutomation" time="0.001"/>
  <system-out/>
</testsuite> <!-- qaclickacademy.MavenJavaLearn.AppiumTest -->
