<?xml version="1.0" encoding="UTF-8"?>
<!-- Generated by org.testng.reporters.JUnitReportReporter -->
<testsuite hostname="LAPTOP-PU8VKKP8" failures="0" tests="2" name="qaclickacademy.MavenJavaLearn.SeleniumTest" time="0.004" errors="0" timestamp="2022-08-15T13:59:43 IST" skipped="0">
  <testcase classname="qaclickacademy.MavenJavaLearn.SeleniumTest" name="SeleniumList" time="0.001"/>
  <system-out/>
  <testcase classname="qaclickacademy.MavenJavaLearn.SeleniumTest" name="SeleniumAutomation" time="0.003"/>
  <system-out/>
</testsuite> <!-- qaclickacademy.MavenJavaLearn.SeleniumTest -->
